2023-11-17 11:29:23,913 - __main__ - INFO - Token value: 200
2023-11-17 11:39:04,618 - __main__ - INFO - movie: Jigarthanda Double X
2023-11-17 11:39:04,619 - __main__ - INFO - movie: Jigarthanda Double X rohini
2023-11-17 11:39:05,337 - __main__ - INFO - Token value: 200
2023-11-17 11:39:06,836 - __main__ - INFO - movie: Jigarthanda Double X
2023-11-17 11:39:06,836 - __main__ - INFO - movie: Jigarthanda Double X varadaraja
2023-11-17 11:39:07,537 - __main__ - INFO - Token value: 200
2023-11-17 11:39:09,067 - __main__ - INFO - movie: Jigarthanda Double X
2023-11-17 11:39:09,068 - __main__ - INFO - movie: Jigarthanda Double X venkateswara
2023-11-17 11:39:09,850 - __main__ - INFO - Token value: 200
2023-11-17 11:39:11,381 - __main__ - INFO - movie: Jigarthanda Double X
2023-11-17 11:39:11,381 - __main__ - INFO - movie: Jigarthanda Double X vettri
2023-11-17 11:39:12,051 - __main__ - INFO - Token value: 200
2023-11-17 11:48:41,585 - __main__ - INFO - movie: Jigarthanda Double X
2023-11-17 11:48:41,585 - __main__ - INFO - movie: Jigarthanda Double X rohini
2023-11-17 11:48:42,121 - __main__ - INFO - Token value: 200
2023-11-17 11:48:43,423 - __main__ - INFO - movie: Jigarthanda Double X
2023-11-17 11:48:43,423 - __main__ - INFO - movie: Jigarthanda Double X varadaraja
2023-11-17 11:48:43,926 - __main__ - INFO - Token value: 200
2023-11-17 11:48:45,296 - __main__ - INFO - movie: Jigarthanda Double X
2023-11-17 11:48:45,296 - __main__ - INFO - movie: Jigarthanda Double X venkateswara
2023-11-17 11:48:45,856 - __main__ - INFO - Token value: 200
2023-11-17 11:48:47,202 - __main__ - INFO - movie: Jigarthanda Double X
2023-11-17 11:48:47,203 - __main__ - INFO - movie: Jigarthanda Double X vettri
2023-11-17 11:48:47,710 - __main__ - INFO - Token value: 200
2023-11-17 11:58:54,421 - __main__ - INFO - movie: Jigarthanda Double X
2023-11-17 11:58:54,421 - __main__ - INFO - movie: Jigarthanda Double X rohini
2023-11-17 11:58:55,002 - __main__ - INFO - Token value: 200
2023-11-17 11:58:56,486 - __main__ - INFO - movie: Jigarthanda Double X
2023-11-17 11:58:56,486 - __main__ - INFO - movie: Jigarthanda Double X varadaraja
2023-11-17 11:58:57,035 - __main__ - INFO - Token value: 200
2023-11-17 11:58:58,499 - __main__ - INFO - movie: Jigarthanda Double X
2023-11-17 11:58:58,499 - __main__ - INFO - movie: Jigarthanda Double X venkateswara
2023-11-17 11:58:59,054 - __main__ - INFO - Token value: 200
2023-11-17 11:59:00,513 - __main__ - INFO - movie: Jigarthanda Double X
2023-11-17 11:59:00,513 - __main__ - INFO - movie: Jigarthanda Double X vettri
2023-11-17 11:59:01,084 - __main__ - INFO - Token value: 200
2023-11-17 12:35:50,945 - __main__ - INFO - movie: Jigarthanda Double X
2023-11-17 12:35:50,945 - __main__ - INFO - movie: Jigarthanda Double X rohini
2023-11-17 12:35:51,608 - __main__ - INFO - Token value: 200
2023-11-17 12:35:53,015 - __main__ - INFO - movie: Jigarthanda Double X
2023-11-17 12:35:53,015 - __main__ - INFO - movie: Jigarthanda Double X varadaraja
2023-11-17 12:35:53,548 - __main__ - INFO - Token value: 200
2023-11-17 12:35:54,933 - __main__ - INFO - movie: Jigarthanda Double X
2023-11-17 12:35:54,933 - __main__ - INFO - movie: Jigarthanda Double X venkateswara
2023-11-17 12:35:55,443 - __main__ - INFO - Token value: 200
2023-11-17 12:35:56,772 - __main__ - INFO - movie: Jigarthanda Double X
2023-11-17 12:35:56,772 - __main__ - INFO - movie: Jigarthanda Double X vettri
2023-11-17 12:35:57,298 - __main__ - INFO - Token value: 200
